2012-03-16 22:14:33 INFO Configuration file successfully read
2012-03-16 22:14:33 DEBUG can't convert TrueClass to String
2012-03-16 22:14:33 ERROR Error while executing commands!!
2012-03-16 22:14:33 DEBUG can't convert TrueClass to String
2012-03-16 22:14:33 ERROR Error while executing commands!!
2012-03-16 22:14:33 DEBUG can't convert TrueClass to String
2012-03-16 22:14:33 ERROR Error while executing commands!!
2012-03-16 22:14:33 DEBUG can't convert TrueClass to String
2012-03-16 22:14:33 ERROR Error while executing commands!!
2012-03-16 22:14:33 DEBUG can't convert TrueClass to String
2012-03-16 22:14:33 ERROR Error while executing commands!!
2012-03-16 22:14:33 DEBUG can't convert TrueClass to String
2012-03-16 22:14:33 ERROR Error while executing commands!!
2012-03-16 22:14:33 INFO Isp Object succesfully created!
2012-03-16 22:14:33 INFO Routing Rable file successfully read!
2012-03-16 22:14:33 INFO Isp Object succesfully created!
2012-03-16 22:14:33 INFO Isp Object succesfully created!
2012-03-16 22:14:33 INFO Isp Object succesfully created!
2012-03-16 22:15:22 INFO Configuration file successfully read
2012-03-16 22:15:22 DEBUG can't convert TrueClass to String
2012-03-16 22:15:22 ERROR Error while executing commands!!
2012-03-16 22:15:22 DEBUG can't convert TrueClass to String
2012-03-16 22:15:22 ERROR Error while executing commands!!
2012-03-16 22:15:22 DEBUG can't convert TrueClass to String
2012-03-16 22:15:22 ERROR Error while executing commands!!
2012-03-16 22:15:22 DEBUG can't convert TrueClass to String
2012-03-16 22:15:22 ERROR Error while executing commands!!
2012-03-16 22:15:22 DEBUG can't convert TrueClass to String
2012-03-16 22:15:22 ERROR Error while executing commands!!
2012-03-16 22:15:22 DEBUG can't convert TrueClass to String
2012-03-16 22:15:22 ERROR Error while executing commands!!
2012-03-16 22:15:22 INFO Isp Object succesfully created!
2012-03-16 22:15:22 INFO Routing Rable file successfully read!
2012-03-16 22:15:22 INFO Isp Object succesfully created!
2012-03-16 22:15:22 INFO Isp Object succesfully created!
2012-03-16 22:15:22 INFO Isp Object succesfully created!
2012-03-16 22:17:21 INFO Configuration file successfully read
2012-03-16 22:17:21 DEBUG can't convert TrueClass to String
2012-03-16 22:17:21 ERROR Error while executing commands!!
2012-03-16 22:17:21 DEBUG can't convert TrueClass to String
2012-03-16 22:17:21 ERROR Error while executing commands!!
2012-03-16 22:17:21 DEBUG can't convert TrueClass to String
2012-03-16 22:17:21 ERROR Error while executing commands!!
2012-03-16 22:17:21 DEBUG can't convert TrueClass to String
2012-03-16 22:17:21 ERROR Error while executing commands!!
2012-03-16 22:17:21 DEBUG can't convert TrueClass to String
2012-03-16 22:17:21 ERROR Error while executing commands!!
2012-03-16 22:17:21 DEBUG can't convert TrueClass to String
2012-03-16 22:17:21 ERROR Error while executing commands!!
2012-03-16 22:17:21 INFO Isp Object succesfully created!
2012-03-16 22:17:21 INFO Routing Rable file successfully read!
2012-03-16 22:17:21 INFO Isp Object succesfully created!
2012-03-16 22:17:21 INFO Isp Object succesfully created!
2012-03-16 22:17:21 INFO Isp Object succesfully created!
2012-03-16 22:17:21 INFO New Isp's successfully added  to rt_table
2012-03-16 22:17:21 INFO Route commands successfully built
2012-03-16 22:17:21 INFO Successfully created routes
2012-03-16 22:17:21 INFO Rule commands successfully built
2012-03-16 22:17:21 INFO Successfully created rules
2012-03-16 22:19:03 INFO Configuration file successfully read
2012-03-16 22:19:03 DEBUG can't convert TrueClass to String
2012-03-16 22:19:03 ERROR Error while executing commands!!
2012-03-16 22:19:03 DEBUG can't convert TrueClass to String
2012-03-16 22:19:03 ERROR Error while executing commands!!
2012-03-16 22:19:03 DEBUG can't convert TrueClass to String
2012-03-16 22:19:03 ERROR Error while executing commands!!
2012-03-16 22:19:03 DEBUG can't convert TrueClass to String
2012-03-16 22:19:03 ERROR Error while executing commands!!
2012-03-16 22:19:03 DEBUG can't convert TrueClass to String
2012-03-16 22:19:03 ERROR Error while executing commands!!
2012-03-16 22:19:03 DEBUG can't convert TrueClass to String
2012-03-16 22:19:03 ERROR Error while executing commands!!
2012-03-16 22:19:03 INFO Isp Object succesfully created!
2012-03-16 22:19:03 INFO Routing Rable file successfully read!
2012-03-16 22:19:03 INFO Isp Object succesfully created!
2012-03-16 22:19:03 INFO Isp Object succesfully created!
2012-03-16 22:19:03 INFO Isp Object succesfully created!
2012-03-16 22:23:07 INFO Configuration file successfully read
2012-03-16 22:23:07 DEBUG can't convert TrueClass to String
2012-03-16 22:23:07 ERROR Error while executing commands!!
2012-03-16 22:23:07 DEBUG can't convert TrueClass to String
2012-03-16 22:23:07 ERROR Error while executing commands!!
2012-03-16 22:23:07 DEBUG can't convert TrueClass to String
2012-03-16 22:23:07 ERROR Error while executing commands!!
2012-03-16 22:23:07 DEBUG can't convert TrueClass to String
2012-03-16 22:23:07 ERROR Error while executing commands!!
2012-03-16 22:23:07 DEBUG can't convert TrueClass to String
2012-03-16 22:23:07 ERROR Error while executing commands!!
2012-03-16 22:23:07 DEBUG can't convert TrueClass to String
2012-03-16 22:23:07 ERROR Error while executing commands!!
2012-03-16 22:23:07 INFO Isp Object succesfully created!
2012-03-16 22:23:07 INFO Routing Rable file successfully read!
2012-03-16 22:23:07 INFO Isp Object succesfully created!
2012-03-16 22:23:07 INFO Isp Object succesfully created!
2012-03-16 22:23:07 INFO Isp Object succesfully created!
2012-03-16 22:25:19 INFO Configuration file successfully read
2012-03-16 22:25:19 DEBUG can't convert TrueClass to String
2012-03-16 22:25:19 ERROR Error while executing commands!!
2012-03-16 22:25:19 DEBUG can't convert TrueClass to String
2012-03-16 22:25:19 ERROR Error while executing commands!!
2012-03-16 22:25:19 DEBUG can't convert TrueClass to String
2012-03-16 22:25:19 ERROR Error while executing commands!!
2012-03-16 22:25:19 DEBUG can't convert TrueClass to String
2012-03-16 22:25:19 ERROR Error while executing commands!!
2012-03-16 22:25:19 DEBUG can't convert TrueClass to String
2012-03-16 22:25:19 ERROR Error while executing commands!!
2012-03-16 22:25:19 DEBUG can't convert TrueClass to String
2012-03-16 22:25:19 ERROR Error while executing commands!!
2012-03-16 22:25:19 INFO Isp Object succesfully created!
2012-03-16 22:25:19 INFO Routing Rable file successfully read!
2012-03-16 22:25:19 INFO Isp Object succesfully created!
2012-03-16 22:25:19 INFO Isp Object succesfully created!
2012-03-16 22:25:19 INFO Isp Object succesfully created!
2012-03-16 22:25:53 INFO Configuration file successfully read
2012-03-16 22:25:53 DEBUG can't convert TrueClass to String
2012-03-16 22:25:53 ERROR Error while executing commands!!
2012-03-16 22:25:53 DEBUG can't convert TrueClass to String
2012-03-16 22:25:53 ERROR Error while executing commands!!
2012-03-16 22:25:53 DEBUG can't convert TrueClass to String
2012-03-16 22:25:53 ERROR Error while executing commands!!
2012-03-16 22:25:53 DEBUG can't convert TrueClass to String
2012-03-16 22:25:53 ERROR Error while executing commands!!
2012-03-16 22:25:53 DEBUG can't convert TrueClass to String
2012-03-16 22:25:53 ERROR Error while executing commands!!
2012-03-16 22:25:53 DEBUG can't convert TrueClass to String
2012-03-16 22:25:53 ERROR Error while executing commands!!
2012-03-16 22:25:53 INFO Isp Object succesfully created!
2012-03-16 22:25:53 INFO Routing Rable file successfully read!
2012-03-16 22:25:53 INFO Isp Object succesfully created!
2012-03-16 22:25:53 INFO Isp Object succesfully created!
2012-03-16 22:25:53 INFO Isp Object succesfully created!
